<?xml version="1.0" encoding="UTF-8"?>
<!-- Generated by org.testng.reporters.JUnitReportReporter -->
<testsuite hostname="NAG1-LHP-N66589" failures="0" tests="4" name="APISuite.Testt" time="4.377" errors="0" timestamp="2022-01-09T09:49:28 IST" skipped="0">
  <testcase classname="APISuite.Testt" name="postRequest" time="0.710"/>
  <system-out/>
  <testcase classname="APISuite.Testt" name="getRequest" time="2.184"/>
  <system-out/>
  <testcase classname="APISuite.Testt" name="putRequest" time="0.739"/>
  <system-out/>
  <testcase classname="APISuite.Testt" name="getRequestWithQueryParam" time="0.744"/>
  <system-out/>
</testsuite> <!-- APISuite.Testt -->
