<?xml version="1.0" encoding="UTF-8"?>
<testsuite xmlns:xsi="http://www.w3.org/2001/XMLSchema-instance" xsi:noNamespaceSchemaLocation="https://maven.apache.org/surefire/maven-surefire-plugin/xsd/surefire-test-report-3.0.xsd" version="3.0" name="TestSuite" time="4.788" tests="4" errors="0" skipped="0" failures="0">
  <properties>
    <property name="java.specification.version" value="16"/>
    <property name="sun.cpu.isalist" value="amd64"/>
    <property name="sun.jnu.encoding" value="Cp1252"/>
    <property name="java.class.path" value="D:\Tools\Eclipse workplace\RestAssuredAPIs\target\test-classes;D:\Tools\Eclipse workplace\RestAssuredAPIs\target\classes;D:\Tools\Eclipse workplace\RestAssuredAPIs\.repository\io\rest-assured\rest-assured\4.4.0\rest-assured-4.4.0.jar;D:\Tools\Eclipse workplace\RestAssuredAPIs\.repository\org\codehaus\groovy\groovy\3.0.8\groovy-3.0.8.jar;D:\Tools\Eclipse workplace\RestAssuredAPIs\.repository\org\codehaus\groovy\groovy-xml\3.0.8\groovy-xml-3.0.8.jar;D:\Tools\Eclipse workplace\RestAssuredAPIs\.repository\org\apache\httpcomponents\httpclient\4.5.13\httpclient-4.5.13.jar;D:\Tools\Eclipse workplace\RestAssuredAPIs\.repository\org\apache\httpcomponents\httpcore\4.4.13\httpcore-4.4.13.jar;D:\Tools\Eclipse workplace\RestAssuredAPIs\.repository\commons-logging\commons-logging\1.2\commons-logging-1.2.jar;D:\Tools\Eclipse workplace\RestAssuredAPIs\.repository\commons-codec\commons-codec\1.11\commons-codec-1.11.jar;D:\Tools\Eclipse workplace\RestAssuredAPIs\.repository\org\apache\httpcomponents\httpmime\4.5.13\httpmime-4.5.13.jar;D:\Tools\Eclipse workplace\RestAssuredAPIs\.repository\org\hamcrest\hamcrest\2.1\hamcrest-2.1.jar;D:\Tools\Eclipse workplace\RestAssuredAPIs\.repository\org\ccil\cowan\tagsoup\tagsoup\1.2.1\tagsoup-1.2.1.jar;D:\Tools\Eclipse workplace\RestAssuredAPIs\.repository\io\rest-assured\json-path\4.4.0\json-path-4.4.0.jar;D:\Tools\Eclipse workplace\RestAssuredAPIs\.repository\org\codehaus\groovy\groovy-json\3.0.8\groovy-json-3.0.8.jar;D:\Tools\Eclipse workplace\RestAssuredAPIs\.repository\io\rest-assured\rest-assured-common\4.4.0\rest-assured-common-4.4.0.jar;D:\Tools\Eclipse workplace\RestAssuredAPIs\.repository\io\rest-assured\xml-path\4.4.0\xml-path-4.4.0.jar;D:\Tools\Eclipse workplace\RestAssuredAPIs\.repository\org\apache\commons\commons-lang3\3.11\commons-lang3-3.11.jar;D:\Tools\Eclipse workplace\RestAssuredAPIs\.repository\jakarta\xml\bind\jakarta.xml.bind-api\2.3.3\jakarta.xml.bind-api-2.3.3.jar;D:\Tools\Eclipse workplace\RestAssuredAPIs\.repository\jakarta\activation\jakarta.activation-api\1.2.2\jakarta.activation-api-1.2.2.jar;D:\Tools\Eclipse workplace\RestAssuredAPIs\.repository\com\sun\xml\bind\jaxb-impl\2.3.3\jaxb-impl-2.3.3.jar;D:\Tools\Eclipse workplace\RestAssuredAPIs\.repository\org\testng\testng\7.5\testng-7.5.jar;D:\Tools\Eclipse workplace\RestAssuredAPIs\.repository\com\google\code\findbugs\jsr305\3.0.1\jsr305-3.0.1.jar;D:\Tools\Eclipse workplace\RestAssuredAPIs\.repository\org\slf4j\slf4j-api\1.7.32\slf4j-api-1.7.32.jar;D:\Tools\Eclipse workplace\RestAssuredAPIs\.repository\com\beust\jcommander\1.78\jcommander-1.78.jar;D:\Tools\Eclipse workplace\RestAssuredAPIs\.repository\org\webjars\jquery\3.5.1\jquery-3.5.1.jar;"/>
    <property name="java.vm.vendor" value="Oracle Corporation"/>
    <property name="sun.arch.data.model" value="64"/>
    <property name="user.variant" value=""/>
    <property name="java.vendor.url" value="https://java.oracle.com/"/>
    <property name="user.timezone" value="Asia/Calcutta"/>
    <property name="os.name" value="Windows 10"/>
    <property name="java.vm.specification.version" value="16"/>
    <property name="sun.java.launcher" value="SUN_STANDARD"/>
    <property name="user.country" value="US"/>
    <property name="sun.boot.library.path" value="C:\Program Files\Java\jdk-16.0.2\bin"/>
    <property name="sun.java.command" value="C:\Windows\Temp\surefire7640002858282258698\surefirebooter15414191792723752255.jar C:\Windows\Temp\surefire7640002858282258698 2022-01-09T09-49-13_616-jvmRun1 surefire12585581101465390208tmp surefire_05049523358398906484tmp"/>
    <property name="jdk.debug" value="release"/>
    <property name="surefire.test.class.path" value="D:\Tools\Eclipse workplace\RestAssuredAPIs\target\test-classes;D:\Tools\Eclipse workplace\RestAssuredAPIs\target\classes;D:\Tools\Eclipse workplace\RestAssuredAPIs\.repository\io\rest-assured\rest-assured\4.4.0\rest-assured-4.4.0.jar;D:\Tools\Eclipse workplace\RestAssuredAPIs\.repository\org\codehaus\groovy\groovy\3.0.8\groovy-3.0.8.jar;D:\Tools\Eclipse workplace\RestAssuredAPIs\.repository\org\codehaus\groovy\groovy-xml\3.0.8\groovy-xml-3.0.8.jar;D:\Tools\Eclipse workplace\RestAssuredAPIs\.repository\org\apache\httpcomponents\httpclient\4.5.13\httpclient-4.5.13.jar;D:\Tools\Eclipse workplace\RestAssuredAPIs\.repository\org\apache\httpcomponents\httpcore\4.4.13\httpcore-4.4.13.jar;D:\Tools\Eclipse workplace\RestAssuredAPIs\.repository\commons-logging\commons-logging\1.2\commons-logging-1.2.jar;D:\Tools\Eclipse workplace\RestAssuredAPIs\.repository\commons-codec\commons-codec\1.11\commons-codec-1.11.jar;D:\Tools\Eclipse workplace\RestAssuredAPIs\.repository\org\apache\httpcomponents\httpmime\4.5.13\httpmime-4.5.13.jar;D:\Tools\Eclipse workplace\RestAssuredAPIs\.repository\org\hamcrest\hamcrest\2.1\hamcrest-2.1.jar;D:\Tools\Eclipse workplace\RestAssuredAPIs\.repository\org\ccil\cowan\tagsoup\tagsoup\1.2.1\tagsoup-1.2.1.jar;D:\Tools\Eclipse workplace\RestAssuredAPIs\.repository\io\rest-assured\json-path\4.4.0\json-path-4.4.0.jar;D:\Tools\Eclipse workplace\RestAssuredAPIs\.repository\org\codehaus\groovy\groovy-json\3.0.8\groovy-json-3.0.8.jar;D:\Tools\Eclipse workplace\RestAssuredAPIs\.repository\io\rest-assured\rest-assured-common\4.4.0\rest-assured-common-4.4.0.jar;D:\Tools\Eclipse workplace\RestAssuredAPIs\.repository\io\rest-assured\xml-path\4.4.0\xml-path-4.4.0.jar;D:\Tools\Eclipse workplace\RestAssuredAPIs\.repository\org\apache\commons\commons-lang3\3.11\commons-lang3-3.11.jar;D:\Tools\Eclipse workplace\RestAssuredAPIs\.repository\jakarta\xml\bind\jakarta.xml.bind-api\2.3.3\jakarta.xml.bind-api-2.3.3.jar;D:\Tools\Eclipse workplace\RestAssuredAPIs\.repository\jakarta\activation\jakarta.activation-api\1.2.2\jakarta.activation-api-1.2.2.jar;D:\Tools\Eclipse workplace\RestAssuredAPIs\.repository\com\sun\xml\bind\jaxb-impl\2.3.3\jaxb-impl-2.3.3.jar;D:\Tools\Eclipse workplace\RestAssuredAPIs\.repository\org\testng\testng\7.5\testng-7.5.jar;D:\Tools\Eclipse workplace\RestAssuredAPIs\.repository\com\google\code\findbugs\jsr305\3.0.1\jsr305-3.0.1.jar;D:\Tools\Eclipse workplace\RestAssuredAPIs\.repository\org\slf4j\slf4j-api\1.7.32\slf4j-api-1.7.32.jar;D:\Tools\Eclipse workplace\RestAssuredAPIs\.repository\com\beust\jcommander\1.78\jcommander-1.78.jar;D:\Tools\Eclipse workplace\RestAssuredAPIs\.repository\org\webjars\jquery\3.5.1\jquery-3.5.1.jar;"/>
    <property name="sun.cpu.endian" value="little"/>
    <property name="user.home" value="C:\windows\system32\config\systemprofile"/>
    <property name="user.language" value="en"/>
    <property name="java.specification.vendor" value="Oracle Corporation"/>
    <property name="java.version.date" value="2021-07-20"/>
    <property name="java.home" value="C:\Program Files\Java\jdk-16.0.2"/>
    <property name="file.separator" value="\"/>
    <property name="basedir" value="D:\Tools\Eclipse workplace\RestAssuredAPIs"/>
    <property name="java.vm.compressedOopsMode" value="Zero based"/>
    <property name="line.separator" value="&#10;"/>
    <property name="java.vm.specification.vendor" value="Oracle Corporation"/>
    <property name="java.specification.name" value="Java Platform API Specification"/>
    <property name="surefire.real.class.path" value="C:\Windows\Temp\surefire7640002858282258698\surefirebooter15414191792723752255.jar"/>
    <property name="user.script" value=""/>
    <property name="sun.management.compiler" value="HotSpot 64-Bit Tiered Compilers"/>
    <property name="java.runtime.version" value="16.0.2+7-67"/>
    <property name="user.name" value="NAG1-LHP-N66589$"/>
    <property name="path.separator" value=";"/>
    <property name="os.version" value="10.0"/>
    <property name="java.runtime.name" value="Java(TM) SE Runtime Environment"/>
    <property name="file.encoding" value="Cp1252"/>
    <property name="java.vm.name" value="Java HotSpot(TM) 64-Bit Server VM"/>
    <property name="localRepository" value="D:\Tools\Eclipse workplace\RestAssuredAPIs\.repository"/>
    <property name="java.vendor.url.bug" value="https://bugreport.java.com/bugreport/"/>
    <property name="java.io.tmpdir" value="C:\windows\TEMP\"/>
    <property name="java.version" value="16.0.2"/>
    <property name="user.dir" value="D:\Tools\Eclipse workplace\RestAssuredAPIs"/>
    <property name="os.arch" value="amd64"/>
    <property name="java.vm.specification.name" value="Java Virtual Machine Specification"/>
    <property name="sun.os.patch.level" value=""/>
    <property name="java.library.path" value="C:\Program Files\Java\jdk-16.0.2\bin;C:\windows\Sun\Java\bin;C:\windows\system32;C:\windows;C:\Program Files\apache-maven-3.8.4-bin\apache-maven-3.8.4/bin;C:\Program Files\Java\jdk-16.0.2/bin;C:\Program Files\Java\jdk-16.0.2/bin;C:\Program Files\Common Files\Oracle\Java\javapath;C:\Program Files (x86)\Common Files\Oracle\Java\javapath;C:\windows\system32;C:\windows;C:\windows\System32\Wbem;C:\windows\System32\WindowsPowerShell\v1.0\;C:\windows\System32\OpenSSH\;C:\Program Files\Git\cmd;D:\Tools\allure-2.13.9\bin;D:\Tools\apache-jmeter-5.4.1\apache-jmeter-5.4.1\bin;D:\Tools\PyCharm Workspace\num-automation\PyCharm Workspace\pageactions;C:\Program Files\PuTTY\;C:\Program Files\dotnet\;C:\Program Files (x86)\Java\jre1.8.0_231;C:\Program Files\Microsoft SQL Server\Client SDK\ODBC\170\Tools\Binn\;C:\Program Files (x86)\Microsoft SQL Server\150\Tools\Binn\;C:\Program Files\Microsoft SQL Server\150\Tools\Binn\;C:\Program Files\Microsoft SQL Server\150\DTS\Binn\;C:\Program Files\JetBrains\PyCharm Community Edition 2021.1.1;D:\Tools\Eclipse workplace\StealthMonitoring_Venv\Lib\site-packages\robotframework_sikulixlibrary-1.2.0.dist-info;D:\Tools\Eclipse workplace\StealthMonitoring_Venv\Lib\site-packages\SikuliXLibrary;C:\Program Files (x86)\Microsoft SQL Server\150\DTS\Binn\;C:\Program Files\Azure Data Studio\bin;C:\Program Files\Java\jdk-16.0.2\bin;C:\Program Files\apache-maven-3.8.4-bin\apache-maven-3.8.4\bin;C:\Users\mohan.palekar\.m2\repository;C:\windows\system32\config\systemprofile\AppData\Local\Microsoft\WindowsApps;."/>
    <property name="java.vm.info" value="mixed mode, sharing"/>
    <property name="java.vendor" value="Oracle Corporation"/>
    <property name="java.vm.version" value="16.0.2+7-67"/>
    <property name="sun.io.unicode.encoding" value="UnicodeLittle"/>
    <property name="maven.repo.local" value="D:\Tools\Eclipse workplace\RestAssuredAPIs\.repository"/>
    <property name="java.class.version" value="60.0"/>
  </properties>
  <testcase name="getRequest" classname="APISuite.Testt" time="1.691">
    <system-out><![CDATA[Response is : io.restassured.path.json.JsonPath@69391e08
]]></system-out>
    <system-err><![CDATA[SLF4J: Failed to load class "org.slf4j.impl.StaticLoggerBinder".
SLF4J: Defaulting to no-operation (NOP) logger implementation
SLF4J: See http://www.slf4j.org/codes.html#StaticLoggerBinder for further details.
]]></system-err>
  </testcase>
  <testcase name="getRequestWithQueryParam" classname="APISuite.Testt" time="0.743"/>
  <testcase name="postRequest" classname="APISuite.Testt" time="0.71"/>
  <testcase name="putRequest" classname="APISuite.Testt" time="0.739"/>
</testsuite>