<?xml version="1.0" encoding="UTF-8"?>
<!-- Generated by org.testng.reporters.JUnitReportReporter -->
<testsuite hostname="NAG1-LHP-N66589" failures="0" tests="4" name="APISuite.Testt" time="4.761" errors="0" timestamp="2022-01-08T09:44:36 IST" skipped="0">
  <testcase classname="APISuite.Testt" name="postRequest" time="1.075"/>
  <system-out/>
  <testcase classname="APISuite.Testt" name="putRequest" time="1.532"/>
  <system-out/>
  <testcase classname="APISuite.Testt" name="getRequestWithQueryParam" time="0.386"/>
  <system-out/>
  <testcase classname="APISuite.Testt" name="getRequest" time="1.768"/>
  <system-out/>
</testsuite> <!-- APISuite.Testt -->
